
=======================================================================
SWITCH model created in 0.02 s.
Arguments:
verbose=True, tee=True, outputs_dir='outputs', logs_dir='logs', solver='cplex', inputs_dir='inputs-no-renewable', log_run_to_file=True
Modules:
switch_mod, project.no_commit, switch_mod.solve
=======================================================================

Loading inputs...
Inputs loaded in 0.79 s.

Solving model...

Welcome to IBM(R) ILOG(R) CPLEX(R) Interactive Optimizer 12.7.0.0
  with Simplex, Mixed Integer & Barrier Optimizers
5725-A06 5725-A29 5724-Y48 5724-Y49 5724-Y54 5724-Y55 5655-Y21
Copyright IBM Corp. 1988, 2016.  All Rights Reserved.

Type 'help' for a list of available commands.
Type 'help' followed by a command name for more
information on commands.

CPLEX> Logfile 'cplex.log' closed.
Logfile '/tmp/tmph_felj.cplex.log' open.
CPLEX> Problem '/tmp/tmp1s_amO.pyomo.lp' read.
Read time = 0.01 sec. (0.38 ticks)
CPLEX> Problem name         : /tmp/tmp1s_amO.pyomo.lp
Objective sense      : Minimize
Variables            :    3763  [Nneg: 3021,  Box: 702,  Free: 38,
                                 Binary: 2]
Objective nonzeros   :    2106
Linear constraints   :    3803  [Less: 2110,  Equal: 1693]
  Nonzeros           :    9148
  RHS nonzeros       :     915

Variables            : Min LB: 0.000000         Max UB: 3000.000       
Objective nonzeros   : Min   : 31926.00         Max   : 4128115.       
Linear constraints   :
  Nonzeros           : Min   : 0.8574760        Max   : 304103.2       
  RHS nonzeros       : Min   : 0.2500000        Max   : 6538.268       
CPLEX> Row 'c_u_x4227_' infeasible, all entries at implied bounds.
Presolve time = 0.00 sec. (1.14 ticks)

Root node processing (before b&c):
  Real time             =    0.01 sec. (1.60 ticks)
Parallel b&c, 8 threads:
  Real time             =    0.00 sec. (0.00 ticks)
  Sync time (average)   =    0.00 sec.
  Wait time (average)   =    0.00 sec.
                          ------------
Total (root+branch&cut) =    0.01 sec. (1.60 ticks)


MIP - Integer infeasible.
Current MIP best bound =  0.0000000000e+00 (gap is infinite)
Solution time =    0.02 sec.  Iterations = 0  Nodes = 0
Deterministic time = 1.61 ticks  (70.40 ticks/sec)

CPLEX> CPLEX Error  1217: No solution exists.
No file written.
CPLEX> Solved model. Total time spent in solver: 0.297910 s.
Model was infeasible; if the solver can generate an irreducible infeasible set,
more information may be available by calling this script with --suffixes iis ...
