
=======================================================================
SWITCH model created in 0.02 s.
Arguments:
solver_options_string='iisfind=1', verbose=True, outputs_dir='outputs', solver='cplex', inputs_dir='inputs-no-renewable', tee=True, logs_dir='logs', log_run_to_file=True
Modules:
switch_mod, project.no_commit, switch_mod.solve
=======================================================================

Loading inputs...
Inputs loaded in 0.98 s.

Solving model...

Welcome to IBM(R) ILOG(R) CPLEX(R) Interactive Optimizer 12.7.0.0
  with Simplex, Mixed Integer & Barrier Optimizers
5725-A06 5725-A29 5724-Y48 5724-Y49 5724-Y54 5724-Y55 5655-Y21
Copyright IBM Corp. 1988, 2016.  All Rights Reserved.

Type 'help' for a list of available commands.
Type 'help' followed by a command name for more
information on commands.

CPLEX> Logfile 'cplex.log' closed.
Logfile '/tmp/tmps38OHG.cplex.log' open.
CPLEX> Parameter 'iisfind' does not exist.
Available Parameters:

advance          set indicator for advanced starting information
barrier          set parameters for barrier optimization
benders          set parameters for benders optimization
clocktype        set type of clock used to measure time
conflict         set parameters for finding conflicts
cpumask          set cpubinding mask (off, auto, or a hex mask)
defaults         set all parameter values to defaults
dettimelimit     set deterministic time limit in ticks
distmip          set distributed parallel mixed integer optimization
emphasis         set optimization emphasis
feasopt          set parameters for feasopt
logfile          set file to which results are printed
lpmethod         set method for linear optimization
mip              set parameters for mixed integer optimization
network          set parameters for network optimizations
optimalitytarget set type of solution CPLEX will attempt to compute
output           set extent and destinations of outputs
parallel         set parallel optimization mode
preprocessing    set parameters for preprocessing
qpmethod         set method for quadratic optimization
randomseed       set seed to initialize the random number generator
read             set problem read parameters
sifting          set parameters for sifting optimization
simplex          set parameters for primal and dual simplex optimizations
solutiontype     set solution information CPLEX will attempt to compute
threads          set default parallel thread count
timelimit        set time limit in seconds
tune             set parameters for parameter tuning
workdir          set directory for CPLEX working files
workmem          set memory available for working storage (in megabytes)

Parameter to set: Read parameter '/tmp/tmpDhYTyi.pyomo.lp' does not exist.
Available read parameters:

constraints      set constraint read size
datacheck        set indicator to check data consistency
fileencoding     set code page for file reading and writing
nonzeros         set constraint nonzero read size
qpnonzeros       set quadratic nonzero read size
scale            set type of scaling used
variables        set variable read size

Read parameter to set: Read parameter 'display' does not exist.
Available read parameters:

constraints      set constraint read size
datacheck        set indicator to check data consistency
fileencoding     set code page for file reading and writing
nonzeros         set constraint nonzero read size
qpnonzeros       set quadratic nonzero read size
scale            set type of scaling used
variables        set variable read size

Read parameter to set: Read parameter 'optimize' does not exist.
Available read parameters:

constraints      set constraint read size
datacheck        set indicator to check data consistency
fileencoding     set code page for file reading and writing
nonzeros         set constraint nonzero read size
qpnonzeros       set quadratic nonzero read size
scale            set type of scaling used
variables        set variable read size

Read parameter to set: Read parameter 'write' does not exist.
Available read parameters:

constraints      set constraint read size
datacheck        set indicator to check data consistency
fileencoding     set code page for file reading and writing
nonzeros         set constraint nonzero read size
qpnonzeros       set quadratic nonzero read size
scale            set type of scaling used
variables        set variable read size

Read parameter to set: Read parameter 'quit' does not exist.
Available read parameters:

constraints      set constraint read size
datacheck        set indicator to check data consistency
fileencoding     set code page for file reading and writing
nonzeros         set constraint nonzero read size
qpnonzeros       set quadratic nonzero read size
scale            set type of scaling used
variables        set variable read size

Read parameter to set: Solved model. Total time spent in solver: 0.489878 s.
Optimization termination condition was unknown.

Executing post solve functions...
ERROR: evaluating expression: No value for uninitialized NumericValue object DispatchProj[cipres_tg,1]
	    (expression: DispatchProj[cipres_tg,1] + DispatchProj[prueba_47-ensenada,1])
ERROR: evaluating object as numeric value: LZ_NetDispatch[47-ensenada,1]
	    (object: <class 'pyomo.core.base.expression._GeneralExpressionData'>)
	No value for uninitialized NumericValue object DispatchProj[cipres_tg,1]
